TN:
SF:C:\Projects\SonarTsPlugin\samples\using-existing-tslint-output\src\MyApp.ts
FN:1,(anonymous_3)
FN:7,(anonymous_4)
FN:8,MyStringUtils
FN:11,(anonymous_6)
FN:24,(anonymous_7)
FN:25,(anonymous_9)
FNF:6
FNH:5
FNDA:1,(anonymous_3)
FNDA:1,(anonymous_4)
FNDA:1,MyStringUtils
FNDA:1,(anonymous_6)
FNDA:1,(anonymous_7)
FNDA:0,(anonymous_9)
DA:1,2
DA:7,1
DA:8,1
DA:11,1
DA:12,1
DA:13,1
DA:16,0
DA:18,1
DA:24,2
DA:25,1
DA:26,0
DA:29,1
LF:12
LH:10
BRDA:12,1,0,1
BRDA:12,1,1,0
BRDA:1,2,0,1
BRDA:1,2,1,1
BRF:4
BRH:3
end_of_record
TN:
SF:C:\Projects\SonarTsPlugin\samples\using-existing-tslint-output\test\MyAppTests.ts
FN:3,(anonymous_3)
FN:4,(anonymous_4)
FNF:2
FNH:2
FNDA:1,(anonymous_3)
FNDA:1,(anonymous_4)
DA:1,1
DA:3,1
DA:4,1
DA:5,1
DA:10,1
LF:5
LH:5
BRF:0
BRH:0
end_of_record
